<?xml version="1.0" encoding="UTF-8"?>
<testsuite xmlns:xsi="http://www.w3.org/2001/XMLSchema-instance" xsi:noNamespaceSchemaLocation="https://maven.apache.org/surefire/maven-surefire-plugin/xsd/surefire-test-report-3.0.xsd" version="3.0" name="com.memes.api.service.IndexerServiceTest" time="1.281" tests="6" errors="0" skipped="0" failures="0">
  <properties>
[...]
</properties>
  <testcase name="parseMdx_valid_returnsRecord" classname="com.memes.api.service.IndexerServiceTest" time="1.216">
    <system-err><![CDATA[WARNING: A Java agent has been loaded dynamically (/root/.m2/repository/net/bytebuddy/byte-buddy-agent/1.14.19/byte-buddy-agent-1.14.19.jar)
WARNING: If a serviceability tool is in use, please run with -XX:+EnableDynamicAgentLoading to hide this warning
WARNING: If a serviceability tool is not in use, please run with -Djdk.instrument.traceUsage for more information
WARNING: Dynamic loading of agents will be disallowed by default in a future release
]]></system-err>
  </testcase>
  <testcase name="parseMdx_noFrontmatterDelimiters_returnsEmpty" classname="com.memes.api.service.IndexerServiceTest" time="0.006"/>
  <testcase name="reindex_countsIndexedFiles" classname="com.memes.api.service.IndexerServiceTest" time="0.019">
    <system-out><![CDATA[23:51:17.240 [main] INFO com.memes.api.service.IndexerService -- Reindex complete: 2 memes indexed in 6ms (0 errors)
]]></system-out>
  </testcase>
  <testcase name="reindex_invalidatesAllCaches" classname="com.memes.api.service.IndexerServiceTest" time="0.006">
    <system-out><![CDATA[23:51:17.252 [main] INFO com.memes.api.service.IndexerService -- Reindex complete: 0 memes indexed in 1ms (0 errors)
]]></system-out>
  </testcase>
  <testcase name="parseMdx_imagePathNormalized" classname="com.memes.api.service.IndexerServiceTest" time="0.005"/>
  <testcase name="parseMdx_missingCategoryOrSlug_returnsEmpty" classname="com.memes.api.service.IndexerServiceTest" time="0.003"/>
</testsuite>